生成启动时间为 2015-01-29 20:00:14。
     1>项目“I:\projectsC++\datastruction\datastruction\datastruction\Queen\Queen.vcxproj”在节点 2 上(Build 个目标)。
     1>C:\Program Files (x86)\MSBuild\Microsoft.Cpp\v4.0\V120\Microsoft.CppBuild.targets(381,5): warning MSB8028: The intermediate directory (Debug\) contains files shared from another project (ArrayQueen.vcxproj, Queen.vcxproj).  This can lead to incorrect clean and rebuild behavior.
     1>ClCompile:
         C:\Program Files (x86)\Microsoft Visual Studio 12.0\VC\bin\CL.exe /c /ZI /nologo /W3 /WX- /sdl /Od /Oy- /D WIN32 /D _DEBUG /D _CONSOLE /D _LIB /D _UNICODE /D UNICODE /Gm /EHsc /RTC1 /MDd /GS /fp:precise /Zc:wchar_t /Zc:forScope /Fo"Debug\\" /Fd"Debug\vc120.pdb" /FR"Debug\\" /Gd /TP /analyze- /errorReport:prompt ArrayQueue.h testqueue.cpp
         testqueue.cpp
     1>i:\projectsc++\datastruction\datastruction\datastruction\queen\arrayqueue.h(59): warning C4101: “e”: 未引用的局部变量
                 i:\projectsc++\datastruction\datastruction\datastruction\queen\arrayqueue.h(51): 编译类 模板 成员函数“ArrayQueue<int>::ArrayQueue(const int &)”时
                 i:\projectsc++\datastruction\datastruction\datastruction\queen\testqueue.cpp(5): 参见对正在编译的函数 模板 实例化“ArrayQueue<int>::ArrayQueue(const int &)”的引用
                 i:\projectsc++\datastruction\datastruction\datastruction\queen\testqueue.cpp(5): 参见对正在编译的类 模板 实例化“ArrayQueue<int>”的引用
         ArrayQueue.h
         正在生成代码...
       Link:
         C:\Program Files (x86)\Microsoft Visual Studio 12.0\VC\bin\link.exe /ERRORREPORT:PROMPT /OUT:"I:\projectsC++\datastruction\datastruction\datastruction\Debug\ArrayQueue.exe" /INCREMENTAL /NOLOGO kinect20.lib opencv_calib3d248d.lib opencv_contrib248d.lib opencv_core248d.lib opencv_features2d248d.lib opencv_flann248d.lib opencv_gpu248d.lib opencv_highgui248d.lib opencv_imgproc248d.lib opencv_legacy248d.lib opencv_ml248d.lib opencv_objdetect248d.lib opencv_ts248d.lib opencv_video248d.lib avcodec.lib avformat.lib avdevice.lib avfilter.lib avutil.lib postproc.lib swresample.lib swscale.lib kernel32.lib user32.lib gdi32.lib winspool.lib comdlg32.lib advapi32.lib shell32.lib ole32.lib oleaut32.lib uuid.lib odbc32.lib odbccp32.lib /MANIFEST /MANIFESTUAC:"level='asInvoker' uiAccess='false'" /manifest:embed /DEBUG /PDB:"I:\projectsC++\datastruction\datastruction\datastruction\Debug\ArrayQueue.pdb" /SUBSYSTEM:CONSOLE /TLBID:1 /DYNAMICBASE /NXCOMPAT /IMPLIB:"I:\projectsC++\datastruction\datastruction\datastruction\Debug\ArrayQueue.lib" /MACHINE:X86 Debug\ArrayQueue.obj
         Debug\testqueue.obj
         Queen.vcxproj -> I:\projectsC++\datastruction\datastruction\datastruction\Debug\ArrayQueue.exe
       BscMake:
         C:\Program Files (x86)\Microsoft Visual Studio 12.0\VC\bin\bscmake.exe /nologo /o"I:\projectsC++\datastruction\datastruction\datastruction\Debug\ArrayQueue.bsc" /n Debug\ArrayQueue.sbr Debug\testqueue.sbr
     1>已完成生成项目“I:\projectsC++\datastruction\datastruction\datastruction\Queen\Queen.vcxproj”(Build 个目标)的操作。

生成成功。

已用时间 00:00:11.27
